Exporter version: 5.5.0, Blender version: 2.79 (sub 0)
========= Conversion from Blender to Babylon.js =========
	Scene settings used:
		selected layers only:  false
		flat shading entire scene:  false
		inline textures:  false
		texture directory:  D:\ENGINES\babilon\maribel\sample\
	Python World class constructor completed
	processing begun of mesh:  Cube
		processing begun of Standard material:  Material.001
			WARNING: Mesh has no UV maps, material:  "Texture" ignored
		num positions      :  8
		num normals        :  8
		num uvs            :  0
		num uvs2           :  0
		num colors         :  0
		num indices        :  36
	processing begun of camera (UniversalCamera):  Camera
	processing begun of light (SUN):  Sun.001
	processing begun of light (SUN):  Sun
	processing begun of light (POINT):  Lamp
========= Writing of scene file started =========
========= Writing of scene file completed =========
========= end of processing =========
elapsed time:  0 min, 0.007 secs
